app/build/outputs/logs/manifest-merger-release-report.txt
-- Merging decision tree log ---
manifest
ADDED from src/main/AndroidManifest.xml:2:1-32:12
INJECTED from src/main/AndroidManifest.xml:2:1-32:12
INJECTED from src/main/AndroidManifest.xml:2:1-32:12
INJECTED from src/main/AndroidManifest.xml:2:1-32:12
INJECTED from src/main/AndroidManifest.xml:2:1-32:12
INJECTED from src/main/AndroidManifest.xml:2:1-32:12
INJECTED from src/main/AndroidManifest.xml:2:1-32:12
	package
		ADDED from src/main/AndroidManifest.xml:3:3-34
		INJECTED from src/main/AndroidManifest.xml
		INJECTED from src/main/AndroidManifest.xml
	android:versionName
		ADDED from src/main/AndroidManifest.xml:5:3-30
		INJECTED from src/main/AndroidManifest.xml
		INJECTED from src/main/AndroidManifest.xml
	xmlns:android
		ADDED from src/main/AndroidManifest.xml:2:11-69
	android:versionCode
		ADDED from src/main/AndroidManifest.xml:4:3-26
		INJECTED from src/main/AndroidManifest.xml
		INJECTED from src/main/AndroidManifest.xml
application
ADDED from src/main/AndroidManifest.xml:6:3-19:17
	android:label
		ADDED from src/main/AndroidManifest.xml:7:5-37
	android:icon
		ADDED from src/main/AndroidManifest.xml:8:5-41
	android:theme
		ADDED from src/main/AndroidManifest.xml:9:5-52
activity#org.walley.androidtop.androidtop
ADDED from src/main/AndroidManifest.xml:11:5-18:16
	android:label
		ADDED from src/main/AndroidManifest.xml:13:7-39
	android:name
		ADDED from src/main/AndroidManifest.xml:12:7-32
intent-filter#action:name:android.intent.action.MAIN+category:name:android.intent.category.LAUNCHER
ADDED from src/main/AndroidManifest.xml:14:7-17:23
action#android.intent.action.MAIN
ADDED from src/main/AndroidManifest.xml:15:9-61
	android:name
		ADDED from src/main/AndroidManifest.xml:15:17-58
category#android.intent.category.LAUNCHER
ADDED from src/main/AndroidManifest.xml:16:9-69
	android:name
		ADDED from src/main/AndroidManifest.xml:16:19-66
supports-screens
ADDED from src/main/AndroidManifest.xml:21:3-28:5
	android:largeScreens
		ADDED from src/main/AndroidManifest.xml:25:5-32
	android:smallScreens
		ADDED from src/main/AndroidManifest.xml:23:5-32
	android:normalScreens
		ADDED from src/main/AndroidManifest.xml:24:5-33
	android:xlargeScreens
		ADDED from src/main/AndroidManifest.xml:26:5-33
	android:resizeable
		ADDED from src/main/AndroidManifest.xml:22:5-30
	android:anyDensity
		ADDED from src/main/AndroidManifest.xml:27:5-30
uses-permission#android.permission.ACCESS_SUPERUSER
ADDED from src/main/AndroidManifest.xml:30:3-73
	android:name
		ADDED from src/main/AndroidManifest.xml:30:20-70
uses-sdk
ADDED from src/main/AndroidManifest.xml:31:3-72
INJECTED from src/main/AndroidManifest.xml:31:3-72
INJECTED from src/main/AndroidManifest.xml:31:3-72
INJECTED from src/main/AndroidManifest.xml:31:3-72
INJECTED from src/main/AndroidManifest.xml:31:3-72
	android:targetSdkVersion
		ADDED from src/main/AndroidManifest.xml:31:40-69
		INJECTED from src/main/AndroidManifest.xml
		INJECTED from src/main/AndroidManifest.xml
	android:minSdkVersion
		ADDED from src/main/AndroidManifest.xml:31:13-39
		INJECTED from src/main/AndroidManifest.xml
		INJECTED from src/main/AndroidManifest.xml